Determining if the pthread_create exist failed with the following output:
Change Dir: /home/david/Git/programmiersprachen-abgabe-2/build/CMakeFiles/CMakeTmp

Run Build Command:"/usr/bin/make" "cmTryCompileExec1113209629/fast"
/usr/bin/make -f CMakeFiles/cmTryCompileExec1113209629.dir/build.make CMakeFiles/cmTryCompileExec1113209629.dir/build
make[1]: Verzeichnis »/home/david/Git/programmiersprachen-abgabe-2/build/CMakeFiles/CMakeTmp« wird betreten
/usr/bin/cmake -E cmake_progress_report /home/david/Git/programmiersprachen-abgabe-2/build/CMakeFiles/CMakeTmp/CMakeFiles 1
Building C object CMakeFiles/cmTryCompileExec1113209629.dir/CheckSymbolExists.c.o
/usr/bin/cc    -o CMakeFiles/cmTryCompileExec1113209629.dir/CheckSymbolExists.c.o   -c /home/david/Git/programmiersprachen-abgabe-2/build/CMakeFiles/CMakeTmp/CheckSymbolExists.c
Linking C executable cmTryCompileExec1113209629
/usr/bin/cmake -E cmake_link_script CMakeFiles/cmTryCompileExec1113209629.dir/link.txt --verbose=1
/usr/bin/cc       CMakeFiles/cmTryCompileExec1113209629.dir/CheckSymbolExists.c.o  -o cmTryCompileExec1113209629 -rdynamic 
CMakeFiles/cmTryCompileExec1113209629.dir/CheckSymbolExists.c.o: In Funktion `main':
CheckSymbolExists.c:(.text+0x16): Nicht definierter Verweis auf `pthread_create'
collect2: error: ld returned 1 exit status
make[1]: *** [cmTryCompileExec1113209629] Fehler 1
make[1]: Verzeichnis »/home/david/Git/programmiersprachen-abgabe-2/build/CMakeFiles/CMakeTmp« wird verlassen
make: *** [cmTryCompileExec1113209629/fast] Fehler 2

File /home/david/Git/programmiersprachen-abgabe-2/build/CMakeFiles/CMakeTmp/CheckSymbolExists.c:
/* */
#include <pthread.h>

int main(int argc, char** argv)
{
  (void)argv;
#ifndef pthread_create
  return ((int*)(&pthread_create))[argc];
#else
  (void)argc;
  return 0;
#endif
}

Determining if the function pthread_create exists in the pthreads failed with the following output:
Change Dir: /home/david/Git/programmiersprachen-abgabe-2/build/CMakeFiles/CMakeTmp

Run Build Command:"/usr/bin/make" "cmTryCompileExec719759588/fast"
/usr/bin/make -f CMakeFiles/cmTryCompileExec719759588.dir/build.make CMakeFiles/cmTryCompileExec719759588.dir/build
make[1]: Verzeichnis »/home/david/Git/programmiersprachen-abgabe-2/build/CMakeFiles/CMakeTmp« wird betreten
/usr/bin/cmake -E cmake_progress_report /home/david/Git/programmiersprachen-abgabe-2/build/CMakeFiles/CMakeTmp/CMakeFiles 1
Building C object CMakeFiles/cmTryCompileExec719759588.dir/CheckFunctionExists.c.o
/usr/bin/cc   -DCHECK_FUNCTION_EXISTS=pthread_create   -o CMakeFiles/cmTryCompileExec719759588.dir/CheckFunctionExists.c.o   -c /usr/share/cmake-3.0/Modules/CheckFunctionExists.c
Linking C executable cmTryCompileExec719759588
/usr/bin/cmake -E cmake_link_script CMakeFiles/cmTryCompileExec719759588.dir/link.txt --verbose=1
/usr/bin/cc   -DCHECK_FUNCTION_EXISTS=pthread_create    CMakeFiles/cmTryCompileExec719759588.dir/CheckFunctionExists.c.o  -o cmTryCompileExec719759588 -rdynamic -lpthreads 
/usr/bin/ld: cannot find -lpthreads
collect2: error: ld returned 1 exit status
make[1]: *** [cmTryCompileExec719759588] Fehler 1
make[1]: Verzeichnis »/home/david/Git/programmiersprachen-abgabe-2/build/CMakeFiles/CMakeTmp« wird verlassen
make: *** [cmTryCompileExec719759588/fast] Fehler 2


